2026-07-20 00:35:27,263 - INFO - Current value of i: 0
2026-07-20 00:35:27,264 - INFO - Current value of i: 1
2026-07-20 00:35:27,264 - INFO - Current value of i: 2
2026-07-20 00:35:27,265 - INFO - Current value of i: 3
2026-07-20 00:35:27,265 - INFO - Current value of i: 4
2026-07-20 00:35:27,265 - INFO - Current value of i: 5
2026-07-20 00:35:27,265 - INFO - Current value of i: 6
2026-07-20 00:35:27,265 - INFO - Current value of i: 7
2026-07-20 00:35:27,265 - INFO - Current value of i: 8
2026-07-20 00:35:27,266 - INFO - Current value of i: 9
2026-07-20 00:35:27,266 - INFO - Current value of i: 10
2026-07-20 00:35:27,267 - INFO - Current value of i: 11
2026-07-20 00:35:27,268 - INFO - Current value of i: 12
2026-07-20 00:35:27,268 - INFO - Current value of i: 13
2026-07-20 00:35:27,268 - INFO - Current value of i: 14
2026-07-20 00:35:27,268 - INFO - Current value of i: 15
2026-07-20 00:35:27,268 - INFO - Current value of i: 16
2026-07-20 00:35:27,268 - INFO - Current value of i: 17
2026-07-20 00:35:27,268 - INFO - Current value of i: 18
2026-07-20 00:35:27,268 - INFO - Current value of i: 19
2026-07-20 00:35:27,268 - INFO - Current value of i: 20
2026-07-20 00:35:27,268 - INFO - Current character: R in color: Red
2026-07-20 00:35:27,268 - INFO - Current character: e in color: Red
2026-07-20 00:35:27,268 - INFO - Current character: d in color: Red
2026-07-20 00:35:27,269 - INFO - Current character: O in color: Orange
2026-07-20 00:35:27,269 - INFO - Current character: r in color: Orange
2026-07-20 00:35:27,269 - INFO - Current character: a in color: Orange
2026-07-20 00:35:27,269 - INFO - Current character: n in color: Orange
2026-07-20 00:35:27,269 - INFO - Current character: g in color: Orange
2026-07-20 00:35:27,269 - INFO - Current character: e in color: Orange
2026-07-20 00:35:27,269 - INFO - Current character: Y in color: Yellow
2026-07-20 00:35:27,269 - INFO - Current character: e in color: Yellow
2026-07-20 00:35:27,269 - INFO - Current character: l in color: Yellow
2026-07-20 00:35:27,269 - INFO - Current character: l in color: Yellow
2026-07-20 00:35:27,269 - INFO - Current character: o in color: Yellow
2026-07-20 00:35:27,269 - INFO - Current character: w in color: Yellow
2026-07-20 00:35:27,269 - INFO - Current character: G in color: Green
2026-07-20 00:35:27,269 - INFO - Current character: r in color: Green
2026-07-20 00:35:27,269 - INFO - Current character: e in color: Green
2026-07-20 00:35:27,270 - INFO - Current character: e in color: Green
2026-07-20 00:35:27,270 - INFO - Current character: n in color: Green
2026-07-20 00:35:27,270 - INFO - Current character: B in color: Blue
2026-07-20 00:35:27,270 - INFO - Current character: l in color: Blue
2026-07-20 00:35:27,270 - INFO - Current character: u in color: Blue
2026-07-20 00:35:27,270 - INFO - Current character: e in color: Blue
2026-07-20 00:35:27,270 - INFO - Current character: I in color: Indigo
2026-07-20 00:35:27,270 - INFO - Current character: n in color: Indigo
2026-07-20 00:35:27,270 - INFO - Current character: d in color: Indigo
2026-07-20 00:35:27,270 - INFO - Current character: i in color: Indigo
2026-07-20 00:35:27,270 - INFO - Current character: g in color: Indigo
2026-07-20 00:35:27,270 - INFO - Current character: o in color: Indigo
2026-07-20 00:35:27,270 - INFO - Current character: V in color: Violet
2026-07-20 00:35:27,270 - INFO - Current character: i in color: Violet
2026-07-20 00:35:27,270 - INFO - Current character: o in color: Violet
2026-07-20 00:35:27,270 - INFO - Current character: l in color: Violet
2026-07-20 00:35:27,271 - INFO - Current character: e in color: Violet
2026-07-20 00:35:27,271 - INFO - Current character: t in color: Violet
2026-07-20 00:35:30,379 - INFO - Current count: 18
2026-07-20 00:35:30,380 - INFO - Current count: 20
2026-07-20 00:35:39,724 - INFO - Current count: 10
2026-07-20 00:35:39,724 - INFO - Do While : 11
2026-07-20 00:35:39,724 - INFO - Do While : 13
2026-07-20 00:35:39,725 - INFO - Do While : 15
2026-07-20 00:35:39,725 - INFO - Do While : 17
2026-07-20 00:35:39,725 - INFO - Do While : 19
