2026-07-20 00:33:43,782 - INFO - Current value of i: 0
2026-07-20 00:33:43,782 - INFO - Current value of i: 1
2026-07-20 00:33:43,783 - INFO - Current value of i: 2
2026-07-20 00:33:43,783 - INFO - Current value of i: 3
2026-07-20 00:33:43,783 - INFO - Current value of i: 4
2026-07-20 00:33:43,783 - INFO - Current value of i: 5
2026-07-20 00:33:43,783 - INFO - Current value of i: 6
2026-07-20 00:33:43,783 - INFO - Current value of i: 7
2026-07-20 00:33:43,783 - INFO - Current value of i: 8
2026-07-20 00:33:43,783 - INFO - Current value of i: 9
2026-07-20 00:33:43,783 - INFO - Current value of i: 10
2026-07-20 00:33:43,784 - INFO - Current value of i: 11
2026-07-20 00:33:43,784 - INFO - Current value of i: 12
2026-07-20 00:33:43,785 - INFO - Current value of i: 13
2026-07-20 00:33:43,785 - INFO - Current value of i: 14
2026-07-20 00:33:43,785 - INFO - Current value of i: 15
2026-07-20 00:33:43,785 - INFO - Current value of i: 16
2026-07-20 00:33:43,785 - INFO - Current value of i: 17
2026-07-20 00:33:43,785 - INFO - Current value of i: 18
2026-07-20 00:33:43,785 - INFO - Current value of i: 19
2026-07-20 00:33:43,785 - INFO - Current value of i: 20
2026-07-20 00:33:43,785 - INFO - Current character: R in color: Red
2026-07-20 00:33:43,785 - INFO - Current character: e in color: Red
2026-07-20 00:33:43,785 - INFO - Current character: d in color: Red
2026-07-20 00:33:43,785 - INFO - Current character: O in color: Orange
2026-07-20 00:33:43,785 - INFO - Current character: r in color: Orange
2026-07-20 00:33:43,785 - INFO - Current character: a in color: Orange
2026-07-20 00:33:43,785 - INFO - Current character: n in color: Orange
2026-07-20 00:33:43,786 - INFO - Current character: g in color: Orange
2026-07-20 00:33:43,786 - INFO - Current character: e in color: Orange
2026-07-20 00:33:43,786 - INFO - Current character: Y in color: Yellow
2026-07-20 00:33:43,786 - INFO - Current character: e in color: Yellow
2026-07-20 00:33:43,786 - INFO - Current character: l in color: Yellow
2026-07-20 00:33:43,786 - INFO - Current character: l in color: Yellow
2026-07-20 00:33:43,786 - INFO - Current character: o in color: Yellow
2026-07-20 00:33:43,786 - INFO - Current character: w in color: Yellow
2026-07-20 00:33:43,786 - INFO - Current character: G in color: Green
2026-07-20 00:33:43,786 - INFO - Current character: r in color: Green
2026-07-20 00:33:43,786 - INFO - Current character: e in color: Green
2026-07-20 00:33:43,786 - INFO - Current character: e in color: Green
2026-07-20 00:33:43,786 - INFO - Current character: n in color: Green
2026-07-20 00:33:43,786 - INFO - Current character: B in color: Blue
2026-07-20 00:33:43,786 - INFO - Current character: l in color: Blue
2026-07-20 00:33:43,786 - INFO - Current character: u in color: Blue
2026-07-20 00:33:43,786 - INFO - Current character: e in color: Blue
2026-07-20 00:33:43,786 - INFO - Current character: I in color: Indigo
2026-07-20 00:33:43,786 - INFO - Current character: n in color: Indigo
2026-07-20 00:33:43,787 - INFO - Current character: d in color: Indigo
2026-07-20 00:33:43,787 - INFO - Current character: i in color: Indigo
2026-07-20 00:33:43,787 - INFO - Current character: g in color: Indigo
2026-07-20 00:33:43,787 - INFO - Current character: o in color: Indigo
2026-07-20 00:33:43,787 - INFO - Current character: V in color: Violet
2026-07-20 00:33:43,787 - INFO - Current character: i in color: Violet
2026-07-20 00:33:43,787 - INFO - Current character: o in color: Violet
2026-07-20 00:33:43,787 - INFO - Current character: l in color: Violet
2026-07-20 00:33:43,787 - INFO - Current character: e in color: Violet
2026-07-20 00:33:43,787 - INFO - Current character: t in color: Violet
2026-07-20 00:33:45,984 - INFO - Current count: 5
2026-07-20 00:33:45,984 - INFO - Current count: 7
2026-07-20 00:33:45,984 - INFO - Current count: 9
2026-07-20 00:33:45,984 - INFO - Current count: 11
2026-07-20 00:33:45,984 - INFO - Current count: 13
2026-07-20 00:33:45,985 - INFO - Current count: 15
2026-07-20 00:33:45,985 - INFO - Current count: 17
2026-07-20 00:33:45,985 - INFO - Current count: 19
2026-07-20 00:33:52,857 - INFO - Current count: 18
2026-07-20 00:33:52,858 - INFO - Current count: 20
